The following modules were not unloaded:
  (Use "module --force purge" to unload all):

  1) CCconfig         4) imkl/2020.1.217    7) libfabric/1.10.1
  2) gentoo/2020      5) intel/2020.1.217   8) openmpi/4.0.3
  3) gcccore/.9.3.0   6) ucx/1.8.0          9) StdEnv/2020

Lmod is automatically replacing "intel/2020.1.217" with "gcc/9.3.0".


Due to MODULEPATH changes, the following have been reloaded:
  1) libfabric/1.10.1     2) openmpi/4.0.3     3) ucx/1.8.0

starting solvent relaxation
starting 1min
At line 286 of file /tmp/ebuser/avx2/Amber/20.12-20.15/gofbc-2020.1.403.114/src/pmemd/src/prmtop_dat.F90 (unit = 8, file = 'TXS-vert8.prmtop')
Fortran runtime error: End of file

Error termination. Backtrace:
#0  0x2ba5d443b730 in ???
#1  0x2ba5d443c289 in ???
#2  0x2ba5d443cf6f in ???
#3  0x2ba5d467076b in ???
#4  0x2ba5d4670d62 in ???
#5  0x2ba5d466d49b in ???
#6  0x2ba5d4672444 in ???
#7  0x2ba5d467350b in ???
#8  0x47266f in ???
#9  0x528948 in ???
#10  0x5096e7 in ???
#11  0x4494ac in ???
#12  0x2ba5d479fe1a in ???
#13  0x458d19 in ???
#14  0xffffffffffffffff in ???
ending 1min
starting 2mdheat

  Unit    9 Error on OPEN: Relaxation/1min.rst7                                                                                                                                                                                                                                            
STOP PMEMD Terminated Abnormally!
ending 2mdheat
starting 3md

  Unit    9 Error on OPEN: Relaxation/2mdheat.rst7                                                                                                                                                                                                                                         
STOP PMEMD Terminated Abnormally!
ending 3md
starting 4md'

  Unit    9 Error on OPEN: Relaxation/3md.rst7                                                                                                                                                                                                                                             
STOP PMEMD Terminated Abnormally!
ending 4md
ending solvent relaxation
starting sidechain relaxation
starting 5min

  Unit    9 Error on OPEN: Relaxation/4md.rst7                                                                                                                                                                                                                                             
STOP PMEMD Terminated Abnormally!
ending 5min
starting 6md

  Unit    9 Error on OPEN: Relaxation/5min.rst7                                                                                                                                                                                                                                            
STOP PMEMD Terminated Abnormally!
ending 6md
starting 7md

  Unit    9 Error on OPEN: Relaxation/6md.rst7                                                                                                                                                                                                                                             
STOP PMEMD Terminated Abnormally!
ending 7md
ending sidechain relaxation
starting unrestrained relaxation
starting 9md

  Unit    9 Error on OPEN: Relaxation/7md.rst7                                                                                                                                                                                                                                             
STOP PMEMD Terminated Abnormally!
ending 9md
Finished system relaxation
Error: Could not determine format of topology 'TXS-vert8.prmtop'
Error: Could not open topology 'TXS-vert8.prmtop'
	1 errors encountered reading input.
Error: Error(s) occurred during execution.

CPPTRAJ: Trajectory Analysis. V4.25.6 OpenMP
    ___  ___  ___  ___
     | \/ | \/ | \/ | 
    _|_/\_|_/\_|_/\_|_

| 1 OpenMP threads available.
| Date/time: 11/24/23 10:04:45
| Available memory: 161.258 GB

INPUT: Reading input from 'Relaxation/to_pdb.in'
  [parm TXS-vert8.prmtop]
TIME: Total execution time: 0.0230 seconds.

